<?xml version="1.0" encoding="UTF-8"?>
<!-- Generated by org.testng.reporters.JUnitXMLReporter -->
<testsuite hostname="DESKTOP-MMSR92P" failures="1" tests="1" name="Test" time="10.507" errors="0" timestamp="11 Mar 2025 18:21:18 GMT">
  <testcase classname="practice.Test.CreateOrgwithListenerANDExtent" name="OrgTest" time="5.508">
    <failure type="java.lang.AssertionError" message="expected [hii] but found [true]">
      <![CDATA[java.lang.AssertionError: expected [hii] but found [true]
	at practice.Test.CreateOrgwithListenerANDExtent.OrgTest(CreateOrgwithListenerANDExtent.java:43)
... Removed 29 stack frames]]>
    </failure>
  </testcase> <!-- OrgTest -->
</testsuite> <!-- Test -->
