<?xml version="1.0" encoding="UTF-8"?>
<!-- Generated by org.testng.reporters.JUnitXMLReporter -->
<testsuite hostname="DESKTOP-MMSR92P" failures="0" tests="9" name="Test==1" time="0.035" errors="0" timestamp="10 Mar 2025 12:10:14 GMT">
  <testcase classname="practice.Test.demotestngTEST2" name="disp" time="0.009"/>
  <testcase classname="practice.Test.demotestngTEST5" name="disp" time="0.009"/>
  <testcase classname="practice.Test.demotestngTEST1" name="disp" time="0.009"/>
  <testcase classname="practice.Test.demotestngTEST5" name="disp1" time="0.001"/>
  <testcase classname="practice.Test.demotestngTEST2" name="disp1" time="0.002"/>
  <testcase classname="practice.Test.demotestngTEST1" name="disp1" time="0.002"/>
  <testcase classname="practice.Test.demotestngTEST5" name="disp2" time="0.001"/>
  <testcase classname="practice.Test.demotestngTEST2" name="disp2" time="0.002"/>
  <testcase classname="practice.Test.demotestngTEST1" name="disp2" time="0.001"/>
</testsuite> <!-- Test==1 -->
