<?xml version="1.0" encoding="UTF-8"?>
<!-- Generated by org.testng.reporters.JUnitXMLReporter -->
<testsuite hostname="DESKTOP-MMSR92P" failures="0" tests="6" name="Test==2" time="0.009" errors="0" timestamp="10 Mar 2025 12:10:14 GMT">
  <testcase classname="practice.Test.demotestngTEST5" name="disp" time="0.0"/>
  <testcase classname="practice.Test.demotestngTEST5" name="disp1" time="0.0"/>
  <testcase classname="practice.Test.demotestngTEST5" name="disp2" time="0.001"/>
  <testcase classname="practice.Test.demotestngTEST4" name="disp" time="0.0"/>
  <testcase classname="practice.Test.demotestngTEST4" name="disp1" time="0.001"/>
  <testcase classname="practice.Test.demotestngTEST4" name="disp2" time="0.0"/>
</testsuite> <!-- Test==2 -->
